<?xml version="1.0" encoding="UTF-8"?>
<testng-results ignored="0" total="1" passed="1" failed="0" skipped="0">
  <reporter-output>
  </reporter-output>
  <suite started-at="2023-10-20T18:23:47 GST" name="Default suite" finished-at="2023-10-20T18:23:47 GST" duration-ms="29">
    <groups>
    </groups>
    <test started-at="2023-10-20T18:23:47 GST" name="Default test" finished-at="2023-10-20T18:23:47 GST" duration-ms="29">
      <class name="testNGtest.javastreamlist">
        <test-method signature="streamcollect()[pri:0, instance:testNGtest.javastreamlist@e7edb54]" started-at="2023-10-20T18:23:47 GST" name="streamcollect" finished-at="2023-10-20T18:23:47 GST" duration-ms="7" status="PASS">
          <reporter-output>
          </reporter-output>
        </test-method> <!-- streamcollect -->
      </class> <!-- testNGtest.javastreamlist -->
    </test> <!-- Default test -->
  </suite> <!-- Default suite -->
</testng-results>
