<?xml version="1.0" encoding="UTF-8"?>
<!-- Generated by org.testng.reporters.JUnitXMLReporter -->
<testsuite ignored="0" hostname="NAYELIBAALAJI" failures="0" tests="7" name="carloan" time="0.065" errors="0" timestamp="2023-10-18T18:31:29 GST">
  <testcase classname="testNGtest.day4" name="APIcar" time="0.007"/>
  <testcase classname="testNGtest.day4" name="Mobilelogincar" time="0.008"/>
  <testcase classname="testNGtest.day4" name="Mobilelogincar1" time="0.001"/>
  <testcase classname="testNGtest.day4" name="weblogincar" time="0.002"/>
  <testcase classname="testNGtest.day4" name="weblogincar1" time="0.001"/>
  <testcase classname="testNGtest.day4" name="weblogincar1" time="0.0"/>
  <testcase classname="testNGtest.day4" name="weblogincar1" time="0.0"/>
</testsuite> <!-- carloan -->
