<?xml version="1.0" encoding="UTF-8"?>
<!-- Generated by org.testng.reporters.JUnitXMLReporter -->
<testsuite ignored="3" hostname="NAYELIBAALAJI" failures="0" tests="0" time="0.015" errors="0" timestamp="2023-10-18T18:31:29 GST">
  <testcase classname="testNGtest.day3" name="webloginHome" time="0.0">
    <ignored/>
  </testcase> <!-- webloginHome -->
  <testcase classname="testNGtest.day3" name="MobileloginHome" time="0.0">
    <ignored/>
  </testcase> <!-- MobileloginHome -->
  <testcase classname="testNGtest.day3" name="APIhome" time="0.0">
    <ignored/>
  </testcase> <!-- APIhome -->
</testsuite>
