<?xml version="1.0" encoding="UTF-8"?>
<!-- Generated by org.testng.reporters.JUnitXMLReporter -->
<testsuite ignored="0" hostname="NAYELIBAALAJI" failures="1" tests="3" name="Personalloan" time="0.061" errors="0" timestamp="2023-10-18T18:31:29 GST">
  <testcase classname="testNGtest.day1" name="demo" time="0.005"/>
  <testcase classname="testNGtest.day1" name="demo2" time="0.001"/>
  <testcase classname="testNGtest.day2" name="print" time="0.003">
    <failure type="java.lang.AssertionError" message="expected [true] but found [false]">
      <![CDATA[java.lang.AssertionError: expected [true] but found [false]
at testNGtest.day2.print(day2.java:11)
at java.base/java.util.ArrayList.forEach(ArrayList.java:1511)
at java.base/java.util.concurrent.FutureTask.run(FutureTask.java:264)
at java.base/java.util.concurrent.ThreadPoolExecutor.runWorker(ThreadPoolExecutor.java:1136)
at java.base/java.util.concurrent.ThreadPoolExecutor$Worker.run(ThreadPoolExecutor.java:635)
at java.base/java.lang.Thread.run(Thread.java:833)
... Removed 22 stack frames]]>
    </failure>
  </testcase> <!-- print -->
</testsuite> <!-- Personalloan -->
