<?xml version="1.0" encoding="UTF-8"?>
<!-- Generated by org.testng.reporters.JUnitXMLReporter -->
<testsuite ignored="4" hostname="NAYELIBAALAJI" failures="0" tests="6" name="Regression" time="0.051" errors="0" timestamp="2023-10-18T10:52:36 GST">
  <testcase classname="testNGtest.day1" name="demo" time="0.007"/>
  <testcase classname="testNGtest.day1" name="demo2" time="0.0"/>
  <testcase classname="testNGtest.day2" name="print" time="0.001"/>
  <testcase classname="testNGtest.day3" name="APIhome" time="0.001"/>
  <testcase classname="testNGtest.day3" name="MobileloginHome" time="0.0"/>
  <testcase classname="testNGtest.day4" name="weblogincar" time="0.0"/>
  <testcase classname="testNGtest.day4" name="Mobilelogincar" time="0.0">
    <ignored/>
  </testcase> <!-- Mobilelogincar -->
  <testcase classname="testNGtest.day3" name="webloginHome" time="0.0">
    <ignored/>
  </testcase> <!-- webloginHome -->
  <testcase classname="testNGtest.day4" name="APIcar" time="0.0">
    <ignored/>
  </testcase> <!-- APIcar -->
  <testcase classname="testNGtest.day4" name="Mobilelogincar1" time="0.0">
    <ignored/>
  </testcase> <!-- Mobilelogincar1 -->
</testsuite> <!-- Regression -->
